<?xml version="1.0" encoding="UTF-8"?>
<testsuite name="jp.ac.uryukyu.ie.e195765.EnemyTest" tests="1" skipped="0" failures="0" errors="0" timestamp="2019-12-22T08:56:47" hostname="yugenichikanoMacBook-Air.local" time="0.042">
  <properties/>
  <testcase name="attack()" classname="jp.ac.uryukyu.ie.e195765.EnemyTest" time="0.042"/>
  <system-out><![CDATA[テスト勇者のHPは10。攻撃力は5です。
テストスライムのHPは6。攻撃力は3です。
]]></system-out>
  <system-err><![CDATA[]]></system-err>
</testsuite>
